Build started 01/03/2017 1:38:50.
     1>Project "C:\Users\Arnsu\Downloads\ExOpenGL3 (1)\2DGame\01-TBE\01-TBE\01-TBE.vcxproj" on node 2 (Build target(s)).
     1>ClCompile:
         C:\Program Files (x86)\Microsoft Visual Studio 12.0\VC\bin\CL.exe /c /I"..\..\..\libs\Simple OpenGL Image Library\src" /I..\..\..\libs\freeglut\include /I"..\..\..\libs\glew-1.13.0\include" /I..\..\..\libs\glm /ZI /nologo /W3 /WX- /Od /Oy- /D WIN32 /D _DEBUG /D _CONSOLE /D _LIB /D _UNICODE /D UNICODE /Gm /EHsc /RTC1 /MDd /GS /fp:precise /Zc:wchar_t /Zc:forScope /Fo"Debug\\" /Fd"Debug\vc120.pdb" /Gd /TP /analyze- /errorReport:prompt Game.cpp main.cpp Scene.cpp Shader.cpp ShaderProgram.cpp Texture.cpp TileMap.cpp
         TileMap.cpp
         Texture.cpp
         ShaderProgram.cpp
         Shader.cpp
         Scene.cpp
         main.cpp
         Game.cpp
         Generating Code...
       Link:
         C:\Program Files (x86)\Microsoft Visual Studio 12.0\VC\bin\link.exe /ERRORREPORT:PROMPT /OUT:"C:\Users\Arnsu\Downloads\ExOpenGL3 (1)\2DGame\01-TBE\Debug\01-TBE.exe" /INCREMENTAL /NOLOGO /LIBPATH:"..\..\..\libs\Simple OpenGL Image Library\projects\VC9\Debug" /LIBPATH:..\..\..\libs\freeglut\lib /LIBPATH:"..\..\..\libs\glew-1.13.0\lib\Release\Win32" SOIL.lib glew32.lib kernel32.lib user32.lib gdi32.lib winspool.lib comdlg32.lib advapi32.lib shell32.lib ole32.lib oleaut32.lib uuid.lib odbc32.lib odbccp32.lib /MANIFEST /MANIFESTUAC:"level='asInvoker' uiAccess='false'" /manifest:embed /DEBUG /PDB:"C:\Users\Arnsu\Downloads\ExOpenGL3 (1)\2DGame\01-TBE\Debug\01-TBE.pdb" /SUBSYSTEM:CONSOLE /TLBID:1 /DYNAMICBASE /NXCOMPAT /IMPLIB:"C:\Users\Arnsu\Downloads\ExOpenGL3 (1)\2DGame\01-TBE\Debug\01-TBE.lib" /MACHINE:X86 Debug\Game.obj
         Debug\main.obj
         Debug\Scene.obj
         Debug\Shader.obj
         Debug\ShaderProgram.obj
         Debug\Texture.obj
         Debug\TileMap.obj
     1>SOIL.lib(image_DXT.obj) : warning LNK4099: PDB 'vc100.pdb' was not found with 'SOIL.lib(image_DXT.obj)' or at 'C:\Users\Arnsu\Downloads\ExOpenGL3 (1)\2DGame\01-TBE\Debug\vc100.pdb'; linking object as if no debug info
     1>SOIL.lib(image_helper.obj) : warning LNK4099: PDB 'vc100.pdb' was not found with 'SOIL.lib(image_helper.obj)' or at 'C:\Users\Arnsu\Downloads\ExOpenGL3 (1)\2DGame\01-TBE\Debug\vc100.pdb'; linking object as if no debug info
     1>SOIL.lib(SOIL.obj) : warning LNK4099: PDB 'vc100.pdb' was not found with 'SOIL.lib(SOIL.obj)' or at 'C:\Users\Arnsu\Downloads\ExOpenGL3 (1)\2DGame\01-TBE\Debug\vc100.pdb'; linking object as if no debug info
     1>SOIL.lib(stb_image_aug.obj) : warning LNK4099: PDB 'vc100.pdb' was not found with 'SOIL.lib(stb_image_aug.obj)' or at 'C:\Users\Arnsu\Downloads\ExOpenGL3 (1)\2DGame\01-TBE\Debug\vc100.pdb'; linking object as if no debug info
         01-TBE.vcxproj -> C:\Users\Arnsu\Downloads\ExOpenGL3 (1)\2DGame\01-TBE\Debug\01-TBE.exe
     1>Done Building Project "C:\Users\Arnsu\Downloads\ExOpenGL3 (1)\2DGame\01-TBE\01-TBE\01-TBE.vcxproj" (Build target(s)).

Build succeeded.

Time Elapsed 00:00:04.83
